<?xml version="1.0" encoding="UTF-8"?>
<testsuite name="com.ppotnis.notes.service.NotesServiceTests" tests="4" skipped="0" failures="0" errors="0" timestamp="2020-08-30T23:26:25" hostname="mbp-002756" time="0.038">
  <properties/>
  <testcase name="getNoteWhenNoteNotPresent()" classname="com.ppotnis.notes.service.NotesServiceTests" time="0.028"/>
  <testcase name="getNoteSuccess()" classname="com.ppotnis.notes.service.NotesServiceTests" time="0.002"/>
  <testcase name="createNoteSuccess()" classname="com.ppotnis.notes.service.NotesServiceTests" time="0.001"/>
  <testcase name="createNoteWhenRepoException()" classname="com.ppotnis.notes.service.NotesServiceTests" time="0.004"/>
  <system-out><![CDATA[]]></system-out>
  <system-err><![CDATA[]]></system-err>
</testsuite>
